#
# There is insufficient memory for the Java Runtime Environment to continue.
# Native memory allocation (malloc) failed to allocate 2014576 bytes for Chunk::new
# Possible reasons:
#   The system is out of physical RAM or swap space
#   The process is running with CompressedOops enabled, and the Java Heap may be blocking the growth of the native heap
# Possible solutions:
#   Reduce memory load on the system
#   Increase physical memory or swap space
#   Check if swap backing store is full
#   Decrease Java heap size (-Xmx/-Xms)
#   Decrease number of Java threads
#   Decrease Java thread stack sizes (-Xss)
#   Set larger code cache with -XX:ReservedCodeCacheSize=
#   JVM is running with Unscaled Compressed Oops mode in which the Java heap is
#     placed in the first 4GB address space. The Java Heap base address is the
#     maximum limit for the native heap growth. Please use -XX:HeapBaseMinAddress
#     to set the Java Heap base and to place the Java Heap above 4GB virtual address.
# This output file may be truncated or incomplete.
#
#  Out of Memory Error (arena.cpp:168), pid=10788, tid=11444
#
# JRE version: Java(TM) SE Runtime Environment (21.0.4+8) (build 21.0.4+8-LTS-274)
# Java VM: Java HotSpot(TM) 64-Bit Server VM (21.0.4+8-LTS-274, mixed mode, sharing, tiered, compressed oops, compressed class ptrs, g1 gc, windows-amd64)
# No core dump will be written. Minidumps are not enabled by default on client versions of Windows
#

---------------  S U M M A R Y ------------

Command Line: -javaagent:E:\IntelliJ Idea\IntelliJ IDEA Community Edition 2024.3.1.1\lib\idea_rt.jar=51052:E:\IntelliJ Idea\IntelliJ IDEA Community Edition 2024.3.1.1\bin -Dfile.encoding=UTF-8 -Dsun.stdout.encoding=UTF-8 -Dsun.stderr.encoding=UTF-8 com.pack.JobAppApplication

Host: Intel(R) Core(TM) i3-7020U CPU @ 2.30GHz, 4 cores, 3G,  Windows 10 , 64 bit Build 19041 (10.0.19041.5198)
Time: Sat Jan 25 17:37:54 2025 India Standard Time elapsed time: 25.545457 seconds (0d 0h 0m 25s)

---------------  T H R E A D  ---------------

Current thread (0x00000135cb5e03c0):  JavaThread "C2 CompilerThread0" daemon [_thread_in_native, id=11444, stack(0x00000027c6900000,0x00000027c6a00000) (1024K)]


Current CompileTask:
C2:  25546 6135       4       org.springframework.beans.factory.support.AbstractBeanFactory::isTypeMatch (745 bytes)

Stack: [0x00000027c6900000,0x00000027c6a00000]
Native frames: (J=compiled Java code, j=interpreted, Vv=VM code, C=native code)
V  [jvm.dll+0x6c8e59]
V  [jvm.dll+0x853181]
V  [jvm.dll+0x8556ae]
V  [jvm.dll+0x855d83]
V  [jvm.dll+0x27d526]
V  [jvm.dll+0xc4aad]
V  [jvm.dll+0xc4fe3]
V  [jvm.dll+0x3b3fd2]
V  [jvm.dll+0x3809a5]
V  [jvm.dll+0x37fe1a]
V  [jvm.dll+0x246280]
V  [jvm.dll+0x24585f]
V  [jvm.dll+0x1c69de]
V  [jvm.dll+0x254d49]
V  [jvm.dll+0x2532da]
V  [jvm.dll+0x3ed426]
V  [jvm.dll+0x7fd65b]
V  [jvm.dll+0x6c753d]
C  [ucrtbase.dll+0x21bb2]
C  [KERNEL32.DLL+0x17374]
C  [ntdll.dll+0x4cc91]


---------------  P R O C E S S  ---------------

Threads class SMR info:
_java_thread_list=0x0000013614cc50f0, length=16, elements={
0x00000135b09639d0, 0x00000135cb5d8e30, 0x00000135cb5d9890, 0x00000135cb5db300,
0x00000135cb5dbd60, 0x00000135cb5debd0, 0x00000135cb5df630, 0x00000135cb5e03c0,
0x00000135cb5fd4e0, 0x00000135cb5bc0d0, 0x0000013611096690, 0x0000013611096d00,
0x00000136128049a0, 0x0000013612212e20, 0x0000013612213490, 0x00000136124116b0
}

Java Threads: ( => current thread )
  0x00000135b09639d0 JavaThread "main"                              [_thread_in_vm, id=10768, stack(0x00000027c5b00000,0x00000027c5c00000) (1024K)]
  0x00000135cb5d8e30 JavaThread "Reference Handler"          daemon [_thread_blocked, id=7744, stack(0x00000027c6300000,0x00000027c6400000) (1024K)]
  0x00000135cb5d9890 JavaThread "Finalizer"                  daemon [_thread_blocked, id=9468, stack(0x00000027c6400000,0x00000027c6500000) (1024K)]
  0x00000135cb5db300 JavaThread "Signal Dispatcher"          daemon [_thread_blocked, id=1152, stack(0x00000027c6500000,0x00000027c6600000) (1024K)]
  0x00000135cb5dbd60 JavaThread "Attach Listener"            daemon [_thread_blocked, id=6316, stack(0x00000027c6600000,0x00000027c6700000) (1024K)]
  0x00000135cb5debd0 JavaThread "Service Thread"             daemon [_thread_blocked, id=7380, stack(0x00000027c6700000,0x00000027c6800000) (1024K)]
  0x00000135cb5df630 JavaThread "Monitor Deflation Thread"   daemon [_thread_blocked, id=10104, stack(0x00000027c6800000,0x00000027c6900000) (1024K)]
=>0x00000135cb5e03c0 JavaThread "C2 CompilerThread0"         daemon [_thread_in_native, id=11444, stack(0x00000027c6900000,0x00000027c6a00000) (1024K)]
  0x00000135cb5fd4e0 JavaThread "C1 CompilerThread0"         daemon [_thread_blocked, id=4364, stack(0x00000027c6a00000,0x00000027c6b00000) (1024K)]
  0x00000135cb5bc0d0 JavaThread "Common-Cleaner"             daemon [_thread_blocked, id=11792, stack(0x00000027c6b00000,0x00000027c6c00000) (1024K)]
  0x0000013611096690 JavaThread "Monitor Ctrl-Break"         daemon [_thread_in_native, id=3252, stack(0x00000027c6c00000,0x00000027c6d00000) (1024K)]
  0x0000013611096d00 JavaThread "Notification Thread"        daemon [_thread_blocked, id=6484, stack(0x00000027c6d00000,0x00000027c6e00000) (1024K)]
  0x00000136128049a0 JavaThread "Catalina-utility-1"                [_thread_blocked, id=4476, stack(0x00000027c7100000,0x00000027c7200000) (1024K)]
  0x0000013612212e20 JavaThread "Catalina-utility-2"                [_thread_blocked, id=10940, stack(0x00000027c7200000,0x00000027c7300000) (1024K)]
  0x0000013612213490 JavaThread "container-0"                       [_thread_blocked, id=6320, stack(0x00000027c7300000,0x00000027c7400000) (1024K)]
  0x00000136124116b0 JavaThread "HikariPool-1 housekeeper"   daemon [_thread_blocked, id=9464, stack(0x00000027c7400000,0x00000027c7500000) (1024K)]
Total: 16

Other Threads:
  0x00000135cb5befb0 VMThread "VM Thread"                           [id=6120, stack(0x00000027c6200000,0x00000027c6300000) (1024K)]
  0x00000135b0a1ace0 WatcherThread "VM Periodic Task Thread"        [id=11760, stack(0x00000027c6100000,0x00000027c6200000) (1024K)]
  0x00000135b099c940 WorkerThread "GC Thread#0"                     [id=5808, stack(0x00000027c5c00000,0x00000027c5d00000) (1024K)]
  0x00000136113638c0 WorkerThread "GC Thread#1"                     [id=10876, stack(0x00000027c6e00000,0x00000027c6f00000) (1024K)]
  0x00000136114b6710 WorkerThread "GC Thread#2"                     [id=5780, stack(0x00000027c6f00000,0x00000027c7000000) (1024K)]
  0x000001361136caa0 WorkerThread "GC Thread#3"                     [id=11688, stack(0x00000027c7000000,0x00000027c7100000) (1024K)]
  0x00000135b09a56a0 ConcurrentGCThread "G1 Main Marker"            [id=9848, stack(0x00000027c5d00000,0x00000027c5e00000) (1024K)]
  0x00000135b09a60b0 WorkerThread "G1 Conc#0"                       [id=10724, stack(0x00000027c5e00000,0x00000027c5f00000) (1024K)]
  0x00000135b0a08be0 ConcurrentGCThread "G1 Refine#0"               [id=11932, stack(0x00000027c5f00000,0x00000027c6000000) (1024K)]
  0x00000135b0a0c420 ConcurrentGCThread "G1 Service"                [id=7404, stack(0x00000027c6000000,0x00000027c6100000) (1024K)]
Total: 10

Threads with active compile tasks:
C2 CompilerThread0    25655 6135       4       org.springframework.beans.factory.support.AbstractBeanFactory::isTypeMatch (745 bytes)
Total: 1

VM state: not at safepoint (normal execution)

VM Mutex/Monitor currently owned by a thread: None

Heap address: 0x00000000c1e00000, size: 994 MB, Compressed Oops mode: 32-bit

CDS archive(s) mapped at: [0x00000135cc000000-0x00000135ccc90000-0x00000135ccc90000), size 13172736, SharedBaseAddress: 0x00000135cc000000, ArchiveRelocationMode: 1.
Compressed class space mapped at: 0x00000135cd000000-0x000001360d000000, reserved size: 1073741824
Narrow klass base: 0x00000135cc000000, Narrow klass shift: 0, Narrow klass range: 0x100000000

GC Precious Log:
 CardTable entry size: 512
 Card Set container configuration: InlinePtr #cards 5 size 8 Array Of Cards #cards 12 size 40 Howl #buckets 4 coarsen threshold 1843 Howl Bitmap #cards 512 size 80 coarsen threshold 460 Card regions per heap region 1 cards per card region 2048
 CPUs: 4 total, 4 available
 Memory: 3972M
 Large Page Support: Disabled
 NUMA Support: Disabled
 Compressed Oops: Enabled (32-bit)
 Heap Region Size: 1M
 Heap Min Capacity: 8M
 Heap Initial Capacity: 64M
 Heap Max Capacity: 994M
 Pre-touch: Disabled
 Parallel Workers: 4
 Concurrent Workers: 1
 Concurrent Refinement Workers: 4
 Periodic GC: Disabled

Heap:
 garbage-first heap   total 61440K, used 35097K [0x00000000c1e00000, 0x0000000100000000)
  region size 1024K, 4 young (4096K), 2 survivors (2048K)
 Metaspace       used 69022K, committed 69760K, reserved 1114112K
  class space    used 9271K, committed 9600K, reserved 1048576K

Heap Regions: E=young(eden), S=young(survivor), O=old, HS=humongous(starts), HC=humongous(continues), CS=collection set, F=free, TAMS=top-at-mark-start, PB=parsable bottom
|   0|0x00000000c1e00000, 0x00000000c1f00000, 0x00000000c1f00000|100%|HS|  |TAMS 0x00000000c1f00000| PB 0x00000000c1e00000| Complete 
|   1|0x00000000c1f00000, 0x00000000c2000000, 0x00000000c2000000|100%| O|  |TAMS 0x00000000c2000000| PB 0x00000000c1f00000| Untracked 
|   2|0x00000000c2000000, 0x00000000c2100000, 0x00000000c2100000|100%| O|  |TAMS 0x00000000c2100000| PB 0x00000000c2000000| Untracked 
|   3|0x00000000c2100000, 0x00000000c2200000, 0x00000000c2200000|100%| O|  |TAMS 0x00000000c2200000| PB 0x00000000c2100000| Untracked 
|   4|0x00000000c2200000, 0x00000000c2300000, 0x00000000c2300000|100%| O|  |TAMS 0x00000000c2300000| PB 0x00000000c2200000| Untracked 
|   5|0x00000000c2300000, 0x00000000c2400000, 0x00000000c2400000|100%| O|  |TAMS 0x00000000c2400000| PB 0x00000000c2300000| Untracked 
|   6|0x00000000c2400000, 0x00000000c2500000, 0x00000000c2500000|100%| O|  |TAMS 0x00000000c2500000| PB 0x00000000c2400000| Updating 
|   7|0x00000000c2500000, 0x00000000c2600000, 0x00000000c2600000|100%| O|  |TAMS 0x00000000c2600000| PB 0x00000000c2500000| Updating 
|   8|0x00000000c2600000, 0x00000000c2700000, 0x00000000c2700000|100%| O|  |TAMS 0x00000000c2700000| PB 0x00000000c2600000| Updating 
|   9|0x00000000c2700000, 0x00000000c2800000, 0x00000000c2800000|100%| O|  |TAMS 0x00000000c2800000| PB 0x00000000c2700000| Untracked 
|  10|0x00000000c2800000, 0x00000000c2900000, 0x00000000c2900000|100%| O|  |TAMS 0x00000000c2900000| PB 0x00000000c2800000| Untracked 
|  11|0x00000000c2900000, 0x00000000c2a00000, 0x00000000c2a00000|100%| O|  |TAMS 0x00000000c2a00000| PB 0x00000000c2900000| Untracked 
|  12|0x00000000c2a00000, 0x00000000c2b00000, 0x00000000c2b00000|100%| O|  |TAMS 0x00000000c2b00000| PB 0x00000000c2a00000| Untracked 
|  13|0x00000000c2b00000, 0x00000000c2c00000, 0x00000000c2c00000|100%| O|  |TAMS 0x00000000c2c00000| PB 0x00000000c2b00000| Untracked 
|  14|0x00000000c2c00000, 0x00000000c2d00000, 0x00000000c2d00000|100%| O|  |TAMS 0x00000000c2d00000| PB 0x00000000c2c00000| Untracked 
|  15|0x00000000c2d00000, 0x00000000c2e00000, 0x00000000c2e00000|100%| O|  |TAMS 0x00000000c2e00000| PB 0x00000000c2e00000| Untracked 
|  16|0x00000000c2e00000, 0x00000000c2f00000, 0x00000000c2f00000|100%| O|  |TAMS 0x00000000c2f00000| PB 0x00000000c2f00000| Updating 
|  17|0x00000000c2f00000, 0x00000000c3000000, 0x00000000c3000000|100%| O|  |TAMS 0x00000000c3000000| PB 0x00000000c3000000| Untracked 
|  18|0x00000000c3000000, 0x00000000c3100000, 0x00000000c3100000|100%| O|  |TAMS 0x00000000c3100000| PB 0x00000000c3100000| Updating 
|  19|0x00000000c3100000, 0x00000000c3200000, 0x00000000c3200000|100%| O|  |TAMS 0x00000000c3200000| PB 0x00000000c3200000| Updating 
|  20|0x00000000c3200000, 0x00000000c3300000, 0x00000000c3300000|100%| O|  |TAMS 0x00000000c3300000| PB 0x00000000c3300000| Updating 
|  21|0x00000000c3300000, 0x00000000c3400000, 0x00000000c3400000|100%| O|  |TAMS 0x00000000c3400000| PB 0x00000000c3400000| Updating 
|  22|0x00000000c3400000, 0x00000000c3500000, 0x00000000c3500000|100%| O|  |TAMS 0x00000000c3500000| PB 0x00000000c3500000| Updating 
|  23|0x00000000c3500000, 0x00000000c3600000, 0x00000000c3600000|100%| O|  |TAMS 0x00000000c3600000| PB 0x00000000c3600000| Updating 
|  24|0x00000000c3600000, 0x00000000c3700000, 0x00000000c3700000|100%| O|  |TAMS 0x00000000c3700000| PB 0x00000000c3700000| Untracked 
|  25|0x00000000c3700000, 0x00000000c3800000, 0x00000000c3800000|100%| O|  |TAMS 0x00000000c3800000| PB 0x00000000c3800000| Untracked 
|  26|0x00000000c3800000, 0x00000000c3900000, 0x00000000c3900000|100%| O|  |TAMS 0x00000000c3900000| PB 0x00000000c3900000| Untracked 
|  27|0x00000000c3900000, 0x00000000c3a00000, 0x00000000c3a00000|100%| O|  |TAMS 0x00000000c3a00000| PB 0x00000000c3a00000| Untracked 
|  28|0x00000000c3a00000, 0x00000000c3b00000, 0x00000000c3b00000|100%| O|  |TAMS 0x00000000c3a7a040| PB 0x00000000c3a7a040| Updating 
|  29|0x00000000c3b00000, 0x00000000c3c00000, 0x00000000c3c00000|100%| O|  |TAMS 0x00000000c3c00000| PB 0x00000000c3c00000| Untracked 
|  30|0x00000000c3c00000, 0x00000000c3d00000, 0x00000000c3d00000|100%| O|  |TAMS 0x00000000c3c00000| PB 0x00000000c3c00000| Untracked 
|  31|0x00000000c3d00000, 0x00000000c3d9bca0, 0x00000000c3e00000| 60%| O|  |TAMS 0x00000000c3d00000| PB 0x00000000c3d00000| Updating 
|  32|0x00000000c3e00000, 0x00000000c3e00000, 0x00000000c3f00000|  0%| F|  |TAMS 0x00000000c3e00000| PB 0x00000000c3e00000| Untracked 
|  33|0x00000000c3f00000, 0x00000000c3f00000, 0x00000000c4000000|  0%| F|  |TAMS 0x00000000c3f00000| PB 0x00000000c3f00000| Untracked 
|  34|0x00000000c4000000, 0x00000000c4000000, 0x00000000c4100000|  0%| F|  |TAMS 0x00000000c4000000| PB 0x00000000c4000000| Untracked 
|  35|0x00000000c4100000, 0x00000000c4100000, 0x00000000c4200000|  0%| F|  |TAMS 0x00000000c4100000| PB 0x00000000c4100000| Untracked 
|  36|0x00000000c4200000, 0x00000000c4200000, 0x00000000c4300000|  0%| F|  |TAMS 0x00000000c4200000| PB 0x00000000c4200000| Untracked 
|  37|0x00000000c4300000, 0x00000000c43aa8b0, 0x00000000c4400000| 66%| S|CS|TAMS 0x00000000c4300000| PB 0x00000000c4300000| Complete 
|  38|0x00000000c4400000, 0x00000000c4500000, 0x00000000c4500000|100%| S|CS|TAMS 0x00000000c4400000| PB 0x00000000c4400000| Complete 
|  39|0x00000000c4500000, 0x00000000c4500000, 0x00000000c4600000|  0%| F|  |TAMS 0x00000000c4500000| PB 0x00000000c4500000| Untracked 
|  40|0x00000000c4600000, 0x00000000c4600000, 0x00000000c4700000|  0%| F|  |TAMS 0x00000000c4600000| PB 0x00000000c4600000| Untracked 
|  41|0x00000000c4700000, 0x00000000c4700000, 0x00000000c4800000|  0%| F|  |TAMS 0x00000000c4700000| PB 0x00000000c4700000| Untracked 
|  42|0x00000000c4800000, 0x00000000c4800000, 0x00000000c4900000|  0%| F|  |TAMS 0x00000000c4800000| PB 0x00000000c4800000| Untracked 
|  43|0x00000000c4900000, 0x00000000c4900000, 0x00000000c4a00000|  0%| F|  |TAMS 0x00000000c4900000| PB 0x00000000c4900000| Untracked 
|  44|0x00000000c4a00000, 0x00000000c4a00000, 0x00000000c4b00000|  0%| F|  |TAMS 0x00000000c4a00000| PB 0x00000000c4a00000| Untracked 
|  45|0x00000000c4b00000, 0x00000000c4b00000, 0x00000000c4c00000|  0%| F|  |TAMS 0x00000000c4b00000| PB 0x00000000c4b00000| Untracked 
|  46|0x00000000c4c00000, 0x00000000c4c00000, 0x00000000c4d00000|  0%| F|  |TAMS 0x00000000c4c00000| PB 0x00000000c4c00000| Untracked 
|  47|0x00000000c4d00000, 0x00000000c4d00000, 0x00000000c4e00000|  0%| F|  |TAMS 0x00000000c4d00000| PB 0x00000000c4d00000| Untracked 
|  48|0x00000000c4e00000, 0x00000000c4e00000, 0x00000000c4f00000|  0%| F|  |TAMS 0x00000000c4e00000| PB 0x00000000c4e00000| Untracked 
|  49|0x00000000c4f00000, 0x00000000c4f00000, 0x00000000c5000000|  0%| F|  |TAMS 0x00000000c4f00000| PB 0x00000000c4f00000| Untracked 
|  50|0x00000000c5000000, 0x00000000c5000000, 0x00000000c5100000|  0%| F|  |TAMS 0x00000000c5000000| PB 0x00000000c5000000| Untracked 
|  51|0x00000000c5100000, 0x00000000c5100000, 0x00000000c5200000|  0%| F|  |TAMS 0x00000000c5100000| PB 0x00000000c5100000| Untracked 
|  52|0x00000000c5200000, 0x00000000c5200000, 0x00000000c5300000|  0%| F|  |TAMS 0x00000000c5200000| PB 0x00000000c5200000| Untracked 
|  53|0x00000000c5300000, 0x00000000c5300000, 0x00000000c5400000|  0%| F|  |TAMS 0x00000000c5300000| PB 0x00000000c5300000| Untracked 
|  54|0x00000000c5400000, 0x00000000c5400000, 0x00000000c5500000|  0%| F|  |TAMS 0x00000000c5400000| PB 0x00000000c5400000| Untracked 
|  55|0x00000000c5500000, 0x00000000c5500000, 0x00000000c5600000|  0%| F|  |TAMS 0x00000000c5500000| PB 0x00000000c5500000| Untracked 
|  56|0x00000000c5600000, 0x00000000c5600000, 0x00000000c5700000|  0%| F|  |TAMS 0x00000000c5600000| PB 0x00000000c5600000| Untracked 
|  57|0x00000000c5700000, 0x00000000c5700000, 0x00000000c5800000|  0%| F|  |TAMS 0x00000000c5700000| PB 0x00000000c5700000| Untracked 
|  58|0x00000000c5800000, 0x00000000c586f7a8, 0x00000000c5900000| 43%| E|  |TAMS 0x00000000c5800000| PB 0x00000000c5800000| Complete 
|  59|0x00000000c5900000, 0x00000000c5a00000, 0x00000000c5a00000|100%| E|CS|TAMS 0x00000000c5900000| PB 0x00000000c5900000| Complete 

Card table byte_map: [0x00000135c7fe0000,0x00000135c81e0000] _byte_map_base: 0x00000135c79d1000

Marking Bits: (CMBitMap*) 0x00000135b099cf50
 Bits: [0x00000135c81e0000, 0x00000135c9168000)

Polling page: 0x00000135ae970000

Metaspace:

Usage:
  Non-class:     58.35 MB used.
      Class:      9.05 MB used.
       Both:     67.40 MB used.

Virtual space:
  Non-class space:       64.00 MB reserved,      58.75 MB ( 92%) committed,  1 nodes.
      Class space:        1.00 GB reserved,       9.38 MB ( <1%) committed,  1 nodes.
             Both:        1.06 GB reserved,      68.12 MB (  6%) committed. 

Chunk freelists:
   Non-Class:  4.89 MB
       Class:  6.59 MB
        Both:  11.48 MB

MaxMetaspaceSize: unlimited
CompressedClassSpaceSize: 1.00 GB
Initial GC threshold: 21.00 MB
Current GC threshold: 113.56 MB
CDS: on
 - commit_granule_bytes: 65536.
 - commit_granule_words: 8192.
 - virtual_space_node_default_size: 8388608.
 - enlarge_chunks_in_place: 1.
 - use_allocation_guard: 0.


Internal statistics:

num_allocs_failed_limit: 9.
num_arena_births: 994.
num_arena_deaths: 0.
num_vsnodes_births: 2.
num_vsnodes_deaths: 0.
num_space_committed: 1090.
num_space_uncommitted: 0.
num_chunks_returned_to_freelist: 9.
num_chunks_taken_from_freelist: 3572.
num_chunk_merges: 9.
num_chunk_splits: 2555.
num_chunks_enlarged: 1992.
num_inconsistent_stats: 0.

CodeHeap 'non-profiled nmethods': size=120000Kb used=2935Kb max_used=3046Kb free=117065Kb
 bounds [0x00000135c08b0000, 0x00000135c0bb0000, 0x00000135c7de0000]
CodeHeap 'profiled nmethods': size=120000Kb used=9994Kb max_used=10618Kb free=110005Kb
 bounds [0x00000135b8de0000, 0x00000135b9850000, 0x00000135c0310000]
CodeHeap 'non-nmethods': size=5760Kb used=1688Kb max_used=1760Kb free=4071Kb
 bounds [0x00000135c0310000, 0x00000135c0580000, 0x00000135c08b0000]
 total_blobs=6027 nmethods=5303 adapters=628
 compilation: enabled
              stopped_count=0, restarted_count=0
 full_count=0

Compilation events (20 events):
Event: 25.277 Thread 0x00000135cb5fd4e0 6172   !   2       org.springframework.beans.factory.support.AbstractAutowireCapableBeanFactory::createBeanInstance (245 bytes)
Event: 25.280 Thread 0x00000135cb5fd4e0 nmethod 6172 0x00000135b9833b90 code [0x00000135b9833e80, 0x00000135b9834a20]
Event: 25.293 Thread 0x00000135cb5fd4e0 6173       2       org.springframework.util.CollectionUtils::newLinkedHashMap (14 bytes)
Event: 25.294 Thread 0x00000135cb5fd4e0 nmethod 6173 0x00000135b9834f90 code [0x00000135b9835160, 0x00000135b9835340]
Event: 25.306 Thread 0x00000135cb5fd4e0 6174       2       java.util.IdentityHashMap::put (137 bytes)
Event: 25.307 Thread 0x00000135cb5fd4e0 nmethod 6174 0x00000135b9835490 code [0x00000135b9835680, 0x00000135b9835c78]
Event: 25.309 Thread 0x00000135cb5fd4e0 6175       2       org.springframework.core.convert.support.GenericConversionService::getConverter (106 bytes)
Event: 25.310 Thread 0x00000135cb5fd4e0 nmethod 6175 0x00000135b9835f10 code [0x00000135b9836120, 0x00000135b9836590]
Event: 25.334 Thread 0x00000135cb5fd4e0 6177   !   2       jdk.proxy2.$Proxy53::annotationType (29 bytes)
Event: 25.335 Thread 0x00000135cb5fd4e0 nmethod 6177 0x00000135b9836790 code [0x00000135b9836960, 0x00000135b9836bf0]
Event: 25.338 Thread 0x00000135cb5fd4e0 6178       2       java.util.concurrent.ConcurrentHashMap$KeySetView::iterator (34 bytes)
Event: 25.338 Thread 0x00000135cb5fd4e0 nmethod 6178 0x00000135b9836d90 code [0x00000135b9836f40, 0x00000135b9837110]
Event: 25.340 Thread 0x00000135cb5fd4e0 6179   !   2       jdk.proxy2.$Proxy59::annotationType (29 bytes)
Event: 25.341 Thread 0x00000135cb5fd4e0 nmethod 6179 0x00000135b9837210 code [0x00000135b98373e0, 0x00000135b9837670]
Event: 25.375 Thread 0x00000135cb5fd4e0 6180   !   2       org.springframework.beans.factory.support.AbstractAutowireCapableBeanFactory::applyPropertyValues (489 bytes)
Event: 25.381 Thread 0x00000135cb5fd4e0 nmethod 6180 0x00000135b9837810 code [0x00000135b9837cc0, 0x00000135b9839ef8]
Event: 25.424 Thread 0x00000135cb5fd4e0 6181       1       javax.management.ObjectName$Property::setKeyIndex (6 bytes)
Event: 25.424 Thread 0x00000135cb5fd4e0 nmethod 6181 0x00000135c0ba8f90 code [0x00000135c0ba9120, 0x00000135c0ba91e8]
Event: 25.457 Thread 0x00000135cb5fd4e0 6182       2       java.lang.invoke.MethodHandles$Lookup::findVirtual (91 bytes)
Event: 25.458 Thread 0x00000135cb5fd4e0 nmethod 6182 0x00000135b983b490 code [0x00000135b983b6c0, 0x00000135b983bbc0]

GC Heap History (20 events):
Event: 12.238 GC heap before
{Heap before GC invocations=8 (full 0):
 garbage-first heap   total 51200K, used 42940K [0x00000000c1e00000, 0x0000000100000000)
  region size 1024K, 25 young (25600K), 2 survivors (2048K)
 Metaspace       used 33603K, committed 34176K, reserved 1114112K
  class space    used 4226K, committed 4480K, reserved 1048576K
}
Event: 12.248 GC heap after
{Heap after GC invocations=9 (full 0):
 garbage-first heap   total 51200K, used 21139K [0x00000000c1e00000, 0x0000000100000000)
  region size 1024K, 4 young (4096K), 4 survivors (4096K)
 Metaspace       used 33603K, committed 34176K, reserved 1114112K
  class space    used 4226K, committed 4480K, reserved 1048576K
}
Event: 12.698 GC heap before
{Heap before GC invocations=9 (full 0):
 garbage-first heap   total 51200K, used 31379K [0x00000000c1e00000, 0x0000000100000000)
  region size 1024K, 15 young (15360K), 4 survivors (4096K)
 Metaspace       used 35418K, committed 35968K, reserved 1114112K
  class space    used 4471K, committed 4736K, reserved 1048576K
}
Event: 12.706 GC heap after
{Heap after GC invocations=10 (full 0):
 garbage-first heap   total 51200K, used 21906K [0x00000000c1e00000, 0x0000000100000000)
  region size 1024K, 3 young (3072K), 3 survivors (3072K)
 Metaspace       used 35418K, committed 35968K, reserved 1114112K
  class space    used 4471K, committed 4736K, reserved 1048576K
}
Event: 13.889 GC heap before
{Heap before GC invocations=11 (full 0):
 garbage-first heap   total 51200K, used 44434K [0x00000000c1e00000, 0x0000000100000000)
  region size 1024K, 25 young (25600K), 3 survivors (3072K)
 Metaspace       used 41996K, committed 42624K, reserved 1114112K
  class space    used 5480K, committed 5760K, reserved 1048576K
}
Event: 13.898 GC heap after
{Heap after GC invocations=12 (full 0):
 garbage-first heap   total 51200K, used 23168K [0x00000000c1e00000, 0x0000000100000000)
  region size 1024K, 3 young (3072K), 3 survivors (3072K)
 Metaspace       used 41996K, committed 42624K, reserved 1114112K
  class space    used 5480K, committed 5760K, reserved 1048576K
}
Event: 15.077 GC heap before
{Heap before GC invocations=12 (full 0):
 garbage-first heap   total 51200K, used 42624K [0x00000000c1e00000, 0x0000000100000000)
  region size 1024K, 23 young (23552K), 3 survivors (3072K)
 Metaspace       used 48795K, committed 49344K, reserved 1114112K
  class space    used 6351K, committed 6592K, reserved 1048576K
}
Event: 15.088 GC heap after
{Heap after GC invocations=13 (full 0):
 garbage-first heap   total 51200K, used 24576K [0x00000000c1e00000, 0x0000000100000000)
  region size 1024K, 3 young (3072K), 3 survivors (3072K)
 Metaspace       used 48795K, committed 49344K, reserved 1114112K
  class space    used 6351K, committed 6592K, reserved 1048576K
}
Event: 15.962 GC heap before
{Heap before GC invocations=13 (full 0):
 garbage-first heap   total 51200K, used 44032K [0x00000000c1e00000, 0x0000000100000000)
  region size 1024K, 23 young (23552K), 3 survivors (3072K)
 Metaspace       used 55755K, committed 56384K, reserved 1114112K
  class space    used 7368K, committed 7680K, reserved 1048576K
}
Event: 15.969 GC heap after
{Heap after GC invocations=14 (full 0):
 garbage-first heap   total 51200K, used 25408K [0x00000000c1e00000, 0x0000000100000000)
  region size 1024K, 3 young (3072K), 3 survivors (3072K)
 Metaspace       used 55755K, committed 56384K, reserved 1114112K
  class space    used 7368K, committed 7680K, reserved 1048576K
}
Event: 17.514 GC heap before
{Heap before GC invocations=14 (full 0):
 garbage-first heap   total 51200K, used 40768K [0x00000000c1e00000, 0x0000000100000000)
  region size 1024K, 19 young (19456K), 3 survivors (3072K)
 Metaspace       used 59781K, committed 60416K, reserved 1114112K
  class space    used 8010K, committed 8320K, reserved 1048576K
}
Event: 17.526 GC heap after
{Heap after GC invocations=15 (full 0):
 garbage-first heap   total 51200K, used 26240K [0x00000000c1e00000, 0x0000000100000000)
  region size 1024K, 2 young (2048K), 2 survivors (2048K)
 Metaspace       used 59781K, committed 60416K, reserved 1114112K
  class space    used 8010K, committed 8320K, reserved 1048576K
}
Event: 20.146 GC heap before
{Heap before GC invocations=16 (full 0):
 garbage-first heap   total 51200K, used 45696K [0x00000000c1e00000, 0x0000000100000000)
  region size 1024K, 21 young (21504K), 2 survivors (2048K)
 Metaspace       used 63078K, committed 63744K, reserved 1114112K
  class space    used 8414K, committed 8704K, reserved 1048576K
}
Event: 20.169 GC heap after
{Heap after GC invocations=17 (full 0):
 garbage-first heap   total 61440K, used 27866K [0x00000000c1e00000, 0x0000000100000000)
  region size 1024K, 3 young (3072K), 3 survivors (3072K)
 Metaspace       used 63078K, committed 63744K, reserved 1114112K
  class space    used 8414K, committed 8704K, reserved 1048576K
}
Event: 21.563 GC heap before
{Heap before GC invocations=17 (full 0):
 garbage-first heap   total 61440K, used 54490K [0x00000000c1e00000, 0x0000000100000000)
  region size 1024K, 29 young (29696K), 3 survivors (3072K)
 Metaspace       used 65924K, committed 66624K, reserved 1114112K
  class space    used 8851K, committed 9152K, reserved 1048576K
}
Event: 21.575 GC heap after
{Heap after GC invocations=18 (full 0):
 garbage-first heap   total 61440K, used 30087K [0x00000000c1e00000, 0x0000000100000000)
  region size 1024K, 4 young (4096K), 4 survivors (4096K)
 Metaspace       used 65924K, committed 66624K, reserved 1114112K
  class space    used 8851K, committed 9152K, reserved 1048576K
}
Event: 22.834 GC heap before
{Heap before GC invocations=18 (full 0):
 garbage-first heap   total 61440K, used 53639K [0x00000000c1e00000, 0x0000000100000000)
  region size 1024K, 27 young (27648K), 4 survivors (4096K)
 Metaspace       used 67612K, committed 68288K, reserved 1114112K
  class space    used 9064K, committed 9344K, reserved 1048576K
}
Event: 22.850 GC heap after
{Heap after GC invocations=19 (full 0):
 garbage-first heap   total 61440K, used 32404K [0x00000000c1e00000, 0x0000000100000000)
  region size 1024K, 3 young (3072K), 3 survivors (3072K)
 Metaspace       used 67612K, committed 68288K, reserved 1114112K
  class space    used 9064K, committed 9344K, reserved 1048576K
}
Event: 25.468 GC heap before
{Heap before GC invocations=19 (full 0):
 garbage-first heap   total 61440K, used 53908K [0x00000000c1e00000, 0x0000000100000000)
  region size 1024K, 24 young (24576K), 3 survivors (3072K)
 Metaspace       used 68728K, committed 69440K, reserved 1114112K
  class space    used 9236K, committed 9536K, reserved 1048576K
}
Event: 25.483 GC heap after
{Heap after GC invocations=20 (full 0):
 garbage-first heap   total 61440K, used 34073K [0x00000000c1e00000, 0x0000000100000000)
  region size 1024K, 2 young (2048K), 2 survivors (2048K)
 Metaspace       used 68728K, committed 69440K, reserved 1114112K
  class space    used 9236K, committed 9536K, reserved 1048576K
}

Dll operation events (14 events):
Event: 0.026 Loaded shared library C:\Program Files\Java\jdk-21\bin\java.dll
Event: 0.114 Loaded shared library C:\Program Files\Java\jdk-21\bin\jsvml.dll
Event: 0.448 Loaded shared library C:\Program Files\Java\jdk-21\bin\zip.dll
Event: 0.458 Loaded shared library C:\Program Files\Java\jdk-21\bin\instrument.dll
Event: 0.474 Loaded shared library C:\Program Files\Java\jdk-21\bin\net.dll
Event: 0.479 Loaded shared library C:\Program Files\Java\jdk-21\bin\nio.dll
Event: 0.487 Loaded shared library C:\Program Files\Java\jdk-21\bin\zip.dll
Event: 2.366 Loaded shared library E:\IntelliJ Idea\IntelliJ IDEA Community Edition 2024.3.1.1\bin\breakgen64.dll
Event: 2.407 Loaded shared library C:\Program Files\Java\jdk-21\bin\extnet.dll
Event: 2.482 Loaded shared library C:\Program Files\Java\jdk-21\bin\jimage.dll
Event: 5.588 Loaded shared library C:\Program Files\Java\jdk-21\bin\sunmscapi.dll
Event: 11.275 Loaded shared library C:\Program Files\Java\jdk-21\bin\management.dll
Event: 11.283 Loaded shared library C:\Program Files\Java\jdk-21\bin\management_ext.dll
Event: 13.203 Loaded shared library C:\Program Files\Java\jdk-21\bin\verify.dll

Deoptimization events (20 events):
Event: 23.355 Thread 0x00000135b09639d0 Uncommon trap: trap_request=0xffffffde fr.pc=0x00000135c0927c88 relative=0x00000000000001a8
Event: 23.355 Thread 0x00000135b09639d0 Uncommon trap: reason=class_check action=maybe_recompile pc=0x00000135c0927c88 method=org.springframework.boot.context.properties.source.ConfigurationPropertyName$Elements.charAt(II)C @ 43 c2
Event: 23.355 Thread 0x00000135b09639d0 DEOPT PACKING pc=0x00000135c0927c88 sp=0x00000027c5bfc280
Event: 23.355 Thread 0x00000135b09639d0 DEOPT UNPACKING pc=0x00000135c03646a2 sp=0x00000027c5bfc1f8 mode 2
Event: 25.228 Thread 0x00000135b09639d0 Uncommon trap: trap_request=0xffffffbe fr.pc=0x00000135c0b853a8 relative=0x0000000000005288
Event: 25.228 Thread 0x00000135b09639d0 Uncommon trap: reason=profile_predicate action=maybe_recompile pc=0x00000135c0b853a8 method=org.springframework.core.annotation.AnnotationsScanner.processClassInheritedAnnotations(Ljava/lang/Object;Ljava/lang/Class;Lorg/springframework/core/annotation/Ann
Event: 25.228 Thread 0x00000135b09639d0 DEOPT PACKING pc=0x00000135c0b853a8 sp=0x00000027c5bfdd30
Event: 25.228 Thread 0x00000135b09639d0 DEOPT UNPACKING pc=0x00000135c03646a2 sp=0x00000027c5bfdab0 mode 2
Event: 25.228 Thread 0x00000135b09639d0 Uncommon trap: trap_request=0xffffffbe fr.pc=0x00000135c0b853a8 relative=0x0000000000005288
Event: 25.228 Thread 0x00000135b09639d0 Uncommon trap: reason=profile_predicate action=maybe_recompile pc=0x00000135c0b853a8 method=org.springframework.core.annotation.AnnotationsScanner.processClassInheritedAnnotations(Ljava/lang/Object;Ljava/lang/Class;Lorg/springframework/core/annotation/Ann
Event: 25.228 Thread 0x00000135b09639d0 DEOPT PACKING pc=0x00000135c0b853a8 sp=0x00000027c5bfdd30
Event: 25.228 Thread 0x00000135b09639d0 DEOPT UNPACKING pc=0x00000135c03646a2 sp=0x00000027c5bfdab0 mode 2
Event: 25.229 Thread 0x00000135b09639d0 Uncommon trap: trap_request=0xffffffbe fr.pc=0x00000135c0b853a8 relative=0x0000000000005288
Event: 25.229 Thread 0x00000135b09639d0 Uncommon trap: reason=profile_predicate action=maybe_recompile pc=0x00000135c0b853a8 method=org.springframework.core.annotation.AnnotationsScanner.processClassInheritedAnnotations(Ljava/lang/Object;Ljava/lang/Class;Lorg/springframework/core/annotation/Ann
Event: 25.229 Thread 0x00000135b09639d0 DEOPT PACKING pc=0x00000135c0b853a8 sp=0x00000027c5bfdd30
Event: 25.229 Thread 0x00000135b09639d0 DEOPT UNPACKING pc=0x00000135c03646a2 sp=0x00000027c5bfdab0 mode 2
Event: 25.229 Thread 0x00000135b09639d0 Uncommon trap: trap_request=0xffffffbe fr.pc=0x00000135c0b853a8 relative=0x0000000000005288
Event: 25.229 Thread 0x00000135b09639d0 Uncommon trap: reason=profile_predicate action=maybe_recompile pc=0x00000135c0b853a8 method=org.springframework.core.annotation.AnnotationsScanner.processClassInheritedAnnotations(Ljava/lang/Object;Ljava/lang/Class;Lorg/springframework/core/annotation/Ann
Event: 25.229 Thread 0x00000135b09639d0 DEOPT PACKING pc=0x00000135c0b853a8 sp=0x00000027c5bfdd30
Event: 25.229 Thread 0x00000135b09639d0 DEOPT UNPACKING pc=0x00000135c03646a2 sp=0x00000027c5bfdab0 mode 2

Classes loaded (20 events):
Event: 25.430 Loading class java/lang/invoke/SerializedLambda
Event: 25.431 Loading class java/lang/invoke/SerializedLambda done
Event: 25.446 Loading class java/lang/management/GarbageCollectorMXBean
Event: 25.446 Loading class java/lang/management/MemoryManagerMXBean
Event: 25.446 Loading class java/lang/management/MemoryManagerMXBean done
Event: 25.446 Loading class java/lang/management/GarbageCollectorMXBean done
Event: 25.447 Loading class sun/management/MemoryManagerImpl
Event: 25.447 Loading class sun/management/MemoryManagerImpl done
Event: 25.448 Loading class com/sun/management/internal/GarbageCollectorExtImpl
Event: 25.448 Loading class com/sun/management/GarbageCollectorMXBean
Event: 25.448 Loading class com/sun/management/GarbageCollectorMXBean done
Event: 25.449 Loading class sun/management/GarbageCollectorImpl
Event: 25.449 Loading class sun/management/GarbageCollectorImpl done
Event: 25.449 Loading class com/sun/management/internal/GarbageCollectorExtImpl done
Event: 25.452 Loading class sun/management/NotificationEmitterSupport$ListenerInfo
Event: 25.452 Loading class sun/management/NotificationEmitterSupport$ListenerInfo done
Event: 25.460 Loading class java/lang/management/ThreadInfo
Event: 25.461 Loading class java/lang/management/ThreadInfo done
Event: 25.461 Loading class java/lang/management/ThreadMXBean
Event: 25.461 Loading class java/lang/management/ThreadMXBean done

Classes unloaded (0 events):
No events

Classes redefined (0 events):
No events

Internal exceptions (20 events):
Event: 17.451 Thread 0x00000135b09639d0 Exception <a 'java/lang/IncompatibleClassChangeError'{0x00000000c417f728}: Found class java.lang.Object, but interface was expected> (0x00000000c417f728) 
thrown [s\open\src\hotspot\share\interpreter\linkResolver.cpp, line 840]
Event: 17.676 Thread 0x00000135b09639d0 Exception <a 'java/lang/NoSuchMethodError'{0x00000000c51054a0}: 'java.lang.Object java.lang.invoke.DirectMethodHandle$Holder.newInvokeSpecial(java.lang.Object, java.lang.Object, int, java.lang.Object, int, java.lang.Object, java.lang.Object)'> (0x00000000c51054a0) 
thrown [s\open\src\hotspot\share\interpreter\linkResolver.cpp, line 773]
Event: 17.734 Thread 0x00000135b09639d0 Exception <a 'java/lang/NoSuchMethodError'{0x00000000c5171d90}: 'java.lang.Object java.lang.invoke.DirectMethodHandle$Holder.newInvokeSpecial(java.lang.Object, java.lang.Object, java.lang.Object, java.lang.Object, java.lang.Object, java.lang.Object, java.lang.Object, int)'> (0x00000000c5171d90) 
thrown [s\open\src\hotspot\share\interpreter\linkResolver.cpp, line 773]
Event: 17.736 Thread 0x00000135b09639d0 Exception <a 'java/lang/NoSuchMethodError'{0x00000000c51762f0}: 'java.lang.Object java.lang.invoke.DirectMethodHandle$Holder.invokeSpecial(java.lang.Object, java.lang.Object, java.lang.Object, java.lang.Object, java.lang.Object, java.lang.Object, java.lang.Object, java.lang.Object, int)'> (0x00000000c51762f0) 
thrown [s\open\src\hotspot\share\interpreter\linkResolver.cpp, line 773]
Event: 17.736 Thread 0x00000135b09639d0 Exception <a 'java/lang/NoSuchMethodError'{0x00000000c517a308}: 'java.lang.Object java.lang.invoke.Invokers$Holder.linkToTargetMethod(java.lang.Object, java.lang.Object, java.lang.Object, java.lang.Object, java.lang.Object, java.lang.Object, int, java.lang.Object)'> (0x00000000c517a308) 
thrown [s\open\src\hotspot\share\interpreter\linkResolver.cpp, line 773]
Event: 17.947 Thread 0x00000135b09639d0 Exception <a 'java/lang/NoSuchMethodError'{0x00000000c51f7bf8}: 'void java.lang.invoke.DirectMethodHandle$Holder.invokeInterface(java.lang.Object, java.lang.Object)'> (0x00000000c51f7bf8) 
thrown [s\open\src\hotspot\share\interpreter\linkResolver.cpp, line 773]
Event: 18.736 Thread 0x00000135b09639d0 Exception <a 'java/lang/NoSuchMethodError'{0x00000000c49faa60}: 'void java.lang.invoke.Invokers$Holder.invokeExact_MT(java.lang.Object, java.lang.Object, java.lang.Object, java.lang.Object)'> (0x00000000c49faa60) 
thrown [s\open\src\hotspot\share\interpreter\linkResolver.cpp, line 773]
Event: 18.910 Thread 0x00000135b09639d0 Exception <a 'java/lang/IncompatibleClassChangeError'{0x00000000c47ab248}: Found class java.lang.Object, but interface was expected> (0x00000000c47ab248) 
thrown [s\open\src\hotspot\share\interpreter\linkResolver.cpp, line 840]
Event: 19.637 Thread 0x00000135b09639d0 Implicit null exception at 0x00000135c0abf762 to 0x00000135c0ac246c
Event: 19.659 Thread 0x00000135b09639d0 Exception <a 'java/lang/IncompatibleClassChangeError'{0x00000000c402f898}: Found class java.lang.Object, but interface was expected> (0x00000000c402f898) 
thrown [s\open\src\hotspot\share\interpreter\linkResolver.cpp, line 840]
Event: 19.863 Thread 0x00000135b09639d0 Exception <a 'java/lang/IncompatibleClassChangeError'{0x00000000c3c49720}: Found class java.lang.Object, but interface was expected> (0x00000000c3c49720) 
thrown [s\open\src\hotspot\share\interpreter\linkResolver.cpp, line 840]
Event: 20.885 Thread 0x00000135b09639d0 Exception <a 'java/lang/IncompatibleClassChangeError'{0x00000000c5437920}: Found class java.lang.Object, but interface was expected> (0x00000000c5437920) 
thrown [s\open\src\hotspot\share\interpreter\linkResolver.cpp, line 840]
Event: 21.148 Thread 0x00000135b09639d0 Exception <a 'java/lang/IncompatibleClassChangeError'{0x00000000c4dcda20}: Found class java.lang.Object, but interface was expected> (0x00000000c4dcda20) 
thrown [s\open\src\hotspot\share\interpreter\linkResolver.cpp, line 840]
Event: 21.399 Thread 0x00000135b09639d0 Exception <a 'java/lang/NoSuchMethodError'{0x00000000c4682a78}: 'java.lang.Object java.lang.invoke.DirectMethodHandle$Holder.newInvokeSpecial(java.lang.Object, java.lang.Object, java.lang.Object, java.lang.Object, java.lang.Object, java.lang.Object, java.lang.Object, java.lang.Object)'> (0x00000000c4682a78) 
thrown [s\open\src\hotspot\share\interpreter\linkResolver.cpp, line 773]
Event: 21.998 Thread 0x00000135b09639d0 Exception <a 'java/lang/IncompatibleClassChangeError'{0x00000000c4a60428}: Found class java.lang.Object, but interface was expected> (0x00000000c4a60428) 
thrown [s\open\src\hotspot\share\interpreter\linkResolver.cpp, line 840]
Event: 22.136 Thread 0x00000135b09639d0 Exception <a 'java/lang/NoSuchMethodError'{0x00000000c473aa58}: 'void java.lang.invoke.DirectMethodHandle$Holder.invokeVirtual(java.lang.Object, java.lang.Object, long)'> (0x00000000c473aa58) 
thrown [s\open\src\hotspot\share\interpreter\linkResolver.cpp, line 773]
Event: 22.927 Thread 0x00000135b09639d0 Exception <a 'java/lang/NoSuchMethodError'{0x00000000c59b9a78}: 'int java.lang.invoke.DirectMethodHandle$Holder.invokeStaticInit(java.lang.Object, java.lang.Object, java.lang.Object, java.lang.Object)'> (0x00000000c59b9a78) 
thrown [s\open\src\hotspot\share\interpreter\linkResolver.cpp, line 773]
Event: 23.413 Thread 0x00000135b09639d0 Exception <a 'java/lang/IncompatibleClassChangeError'{0x00000000c5669218}: Found class java.lang.Object, but interface was expected> (0x00000000c5669218) 
thrown [s\open\src\hotspot\share\interpreter\linkResolver.cpp, line 840]
Event: 23.655 Thread 0x00000135b09639d0 Exception <a 'java/lang/NoSuchMethodError'{0x00000000c54e8210}: 'java.lang.Object java.lang.invoke.DirectMethodHandle$Holder.newInvokeSpecial(java.lang.Object, java.lang.Object, java.lang.Object, java.lang.Object, java.lang.Object, java.lang.Object, java.lang.Object, java.lang.Object, java.lang.Object)'> (0x00000000c54e8210) 
thrown [s\open\src\hotspot\share\interpreter\linkResolver.cpp, line 773]
Event: 23.968 Thread 0x00000135b09639d0 Exception <a 'java/lang/NoSuchMethodError'{0x00000000c51f3d60}: 'java.lang.Object java.lang.invoke.DirectMethodHandle$Holder.invokeVirtual(java.lang.Object, java.lang.Object, java.lang.Object, java.lang.Object, java.lang.Object, java.lang.Object, java.lang.Object)'> (0x00000000c51f3d60) 
thrown [s\open\src\hotspot\share\interpreter\linkResolver.cpp, line 773]

ZGC Phase Switch (0 events):
No events

VM Operations (20 events):
Event: 20.908 Executing VM operation: HandshakeAllThreads (Deoptimize)
Event: 20.908 Executing VM operation: HandshakeAllThreads (Deoptimize) done
Event: 21.563 Executing VM operation: G1CollectForAllocation (G1 Evacuation Pause)
Event: 21.576 Executing VM operation: G1CollectForAllocation (G1 Evacuation Pause) done
Event: 21.612 Executing VM operation: HandshakeAllThreads (Deoptimize)
Event: 21.612 Executing VM operation: HandshakeAllThreads (Deoptimize) done
Event: 21.684 Executing VM operation: HandshakeAllThreads (Deoptimize)
Event: 21.685 Executing VM operation: HandshakeAllThreads (Deoptimize) done
Event: 22.275 Executing VM operation: HandshakeAllThreads (Deoptimize)
Event: 22.275 Executing VM operation: HandshakeAllThreads (Deoptimize) done
Event: 22.834 Executing VM operation: G1CollectForAllocation (G1 Evacuation Pause)
Event: 22.850 Executing VM operation: G1CollectForAllocation (G1 Evacuation Pause) done
Event: 23.855 Executing VM operation: Cleanup
Event: 23.857 Executing VM operation: Cleanup done
Event: 24.866 Executing VM operation: Cleanup
Event: 24.882 Executing VM operation: Cleanup done
Event: 25.216 Executing VM operation: HandshakeAllThreads (Deoptimize)
Event: 25.216 Executing VM operation: HandshakeAllThreads (Deoptimize) done
Event: 25.468 Executing VM operation: G1CollectForAllocation (G1 Evacuation Pause)
Event: 25.483 Executing VM operation: G1CollectForAllocation (G1 Evacuation Pause) done

Events (20 events):
Event: 17.662 Thread 0x00000135cb5befb0 flushing nmethod 0x00000135b93d7d10
Event: 17.662 Thread 0x00000135cb5befb0 flushing nmethod 0x00000135b93d8490
Event: 17.662 Thread 0x00000135cb5befb0 flushing nmethod 0x00000135b93d8910
Event: 17.662 Thread 0x00000135cb5befb0 flushing nmethod 0x00000135b93f4410
Event: 17.662 Thread 0x00000135cb5befb0 flushing nmethod 0x00000135b9436890
Event: 17.662 Thread 0x00000135cb5befb0 flushing nmethod 0x00000135b943b590
Event: 17.662 Thread 0x00000135cb5befb0 flushing nmethod 0x00000135b943d190
Event: 17.662 Thread 0x00000135cb5befb0 flushing nmethod 0x00000135b94ec290
Event: 17.662 Thread 0x00000135cb5befb0 flushing nmethod 0x00000135b94ed690
Event: 17.662 Thread 0x00000135cb5befb0 flushing nmethod 0x00000135b94f5290
Event: 17.662 Thread 0x00000135cb5befb0 flushing nmethod 0x00000135b954f110
Event: 17.662 Thread 0x00000135cb5befb0 flushing nmethod 0x00000135b957e110
Event: 17.662 Thread 0x00000135cb5befb0 flushing nmethod 0x00000135b959c590
Event: 17.662 Thread 0x00000135cb5befb0 flushing nmethod 0x00000135b95dbc90
Event: 17.662 Thread 0x00000135cb5befb0 flushing nmethod 0x00000135b95dc410
Event: 17.662 Thread 0x00000135cb5befb0 flushing nmethod 0x00000135b95df990
Event: 17.662 Thread 0x00000135cb5befb0 flushing nmethod 0x00000135b9679e90
Event: 18.541 Thread 0x000001361240fc70 Thread added: 0x000001361240fc70
Event: 18.552 Thread 0x000001361240fc70 Thread exited: 0x000001361240fc70
Event: 19.940 Thread 0x0000013612410990 Thread exited: 0x0000013612410990


Dynamic libraries:
0x00007ff644930000 - 0x00007ff644940000 	C:\Program Files\Java\jdk-21\bin\java.exe
0x00007ff8d8b10000 - 0x00007ff8d8d08000 	C:\Windows\SYSTEM32\ntdll.dll
0x00007ff8d8920000 - 0x00007ff8d89e2000 	C:\Windows\System32\KERNEL32.DLL
0x00007ff8d6260000 - 0x00007ff8d655f000 	C:\Windows\System32\KERNELBASE.dll
0x00007ff8d65d0000 - 0x00007ff8d66d0000 	C:\Windows\System32\ucrtbase.dll
0x00007ff8d27d0000 - 0x00007ff8d27e9000 	C:\Program Files\Java\jdk-21\bin\jli.dll
0x00007ff8d89f0000 - 0x00007ff8d8aa1000 	C:\Windows\System32\ADVAPI32.dll
0x00007ff8d7b70000 - 0x00007ff8d7c0e000 	C:\Windows\System32\msvcrt.dll
0x00007ff8bbe10000 - 0x00007ff8bbe2b000 	C:\Program Files\Java\jdk-21\bin\VCRUNTIME140.dll
0x00007ff8d7c10000 - 0x00007ff8d7caf000 	C:\Windows\System32\sechost.dll
0x00007ff8d6d60000 - 0x00007ff8d6e83000 	C:\Windows\System32\RPCRT4.dll
0x00007ff8d67c0000 - 0x00007ff8d67e7000 	C:\Windows\System32\bcrypt.dll
0x00007ff8d6fb0000 - 0x00007ff8d714d000 	C:\Windows\System32\USER32.dll
0x00007ff8d61a0000 - 0x00007ff8d61c2000 	C:\Windows\System32\win32u.dll
0x00007ff8d76b0000 - 0x00007ff8d76db000 	C:\Windows\System32\GDI32.dll
0x00007ff8bfcb0000 - 0x00007ff8bff4a000 	C:\Windows\WinSxS\amd64_microsoft.windows.common-controls_6595b64144ccf1df_6.0.19041.4355_none_60b8b9eb71f62e16\COMCTL32.dll
0x00007ff8d68a0000 - 0x00007ff8d69b7000 	C:\Windows\System32\gdi32full.dll
0x00007ff8d6720000 - 0x00007ff8d67bd000 	C:\Windows\System32\msvcp_win.dll
0x00007ff8cdfa0000 - 0x00007ff8cdfaa000 	C:\Windows\SYSTEM32\VERSION.dll
0x00007ff8d8800000 - 0x00007ff8d882f000 	C:\Windows\System32\IMM32.DLL
0x00007ff8d2c00000 - 0x00007ff8d2c0c000 	C:\Program Files\Java\jdk-21\bin\vcruntime140_1.dll
0x00007ff894ea0000 - 0x00007ff894f2e000 	C:\Program Files\Java\jdk-21\bin\msvcp140.dll
0x00007ff86d110000 - 0x00007ff86de23000 	C:\Program Files\Java\jdk-21\bin\server\jvm.dll
0x00007ff8d7640000 - 0x00007ff8d76ab000 	C:\Windows\System32\WS2_32.dll
0x00007ff8d56f0000 - 0x00007ff8d573b000 	C:\Windows\SYSTEM32\POWRPROF.dll
0x00007ff8bd060000 - 0x00007ff8bd087000 	C:\Windows\SYSTEM32\WINMM.dll
0x00007ff8d5560000 - 0x00007ff8d5572000 	C:\Windows\SYSTEM32\UMPDC.dll
0x00007ff8d41c0000 - 0x00007ff8d41d2000 	C:\Windows\SYSTEM32\kernel.appcore.dll
0x00007ff8d27c0000 - 0x00007ff8d27ca000 	C:\Program Files\Java\jdk-21\bin\jimage.dll
0x00007ff8d3d30000 - 0x00007ff8d3f14000 	C:\Windows\SYSTEM32\DBGHELP.DLL
0x00007ff8c0250000 - 0x00007ff8c0284000 	C:\Windows\SYSTEM32\dbgcore.DLL
0x00007ff8d61d0000 - 0x00007ff8d6252000 	C:\Windows\System32\bcryptPrimitives.dll
0x00007ff8d2860000 - 0x00007ff8d286f000 	C:\Program Files\Java\jdk-21\bin\instrument.dll
0x00007ff8d2830000 - 0x00007ff8d284f000 	C:\Program Files\Java\jdk-21\bin\java.dll
0x00007ff8d7cb0000 - 0x00007ff8d841e000 	C:\Windows\System32\SHELL32.dll
0x00007ff8d41e0000 - 0x00007ff8d4984000 	C:\Windows\SYSTEM32\windows.storage.dll
0x00007ff8d84a0000 - 0x00007ff8d87f5000 	C:\Windows\System32\combase.dll
0x00007ff8d5af0000 - 0x00007ff8d5b1f000 	C:\Windows\SYSTEM32\Wldp.dll
0x00007ff8d72e0000 - 0x00007ff8d73ad000 	C:\Windows\System32\OLEAUT32.dll
0x00007ff8d6be0000 - 0x00007ff8d6c8d000 	C:\Windows\System32\SHCORE.dll
0x00007ff8d7280000 - 0x00007ff8d72d5000 	C:\Windows\System32\shlwapi.dll
0x00007ff8d60d0000 - 0x00007ff8d60f4000 	C:\Windows\SYSTEM32\profapi.dll
0x00007ff894c30000 - 0x00007ff894d07000 	C:\Program Files\Java\jdk-21\bin\jsvml.dll
0x00007ff8d2350000 - 0x00007ff8d2368000 	C:\Program Files\Java\jdk-21\bin\zip.dll
0x00007ff8d2820000 - 0x00007ff8d2830000 	C:\Program Files\Java\jdk-21\bin\net.dll
0x00007ff8ccb10000 - 0x00007ff8ccc1d000 	C:\Windows\SYSTEM32\WINHTTP.dll
0x00007ff8d58d0000 - 0x00007ff8d593a000 	C:\Windows\system32\mswsock.dll
0x00007ff8d2800000 - 0x00007ff8d2816000 	C:\Program Files\Java\jdk-21\bin\nio.dll
0x00007ff8b74a0000 - 0x00007ff8b74ba000 	E:\IntelliJ Idea\IntelliJ IDEA Community Edition 2024.3.1.1\bin\breakgen64.dll
0x00007ff8d27f0000 - 0x00007ff8d27f9000 	C:\Program Files\Java\jdk-21\bin\extnet.dll
0x00007ff8d2850000 - 0x00007ff8d285e000 	C:\Program Files\Java\jdk-21\bin\sunmscapi.dll
0x00007ff8d69c0000 - 0x00007ff8d6b1c000 	C:\Windows\System32\CRYPT32.dll
0x00007ff8d5b60000 - 0x00007ff8d5b87000 	C:\Windows\SYSTEM32\ncrypt.dll
0x00007ff8d5b20000 - 0x00007ff8d5b5b000 	C:\Windows\SYSTEM32\NTASN1.dll
0x00007ff8d5e40000 - 0x00007ff8d5e58000 	C:\Windows\SYSTEM32\CRYPTSP.dll
0x00007ff8d51a0000 - 0x00007ff8d51d4000 	C:\Windows\system32\rsaenh.dll
0x00007ff8d6090000 - 0x00007ff8d60be000 	C:\Windows\SYSTEM32\USERENV.dll
0x00007ff8d5a60000 - 0x00007ff8d5a6c000 	C:\Windows\SYSTEM32\CRYPTBASE.dll
0x00007ff8d5580000 - 0x00007ff8d55bb000 	C:\Windows\SYSTEM32\IPHLPAPI.DLL
0x00007ff8d6b20000 - 0x00007ff8d6b28000 	C:\Windows\System32\NSI.dll
0x00007ff8c47c0000 - 0x00007ff8c47ca000 	C:\Program Files\Java\jdk-21\bin\management.dll
0x00007ff8be230000 - 0x00007ff8be23b000 	C:\Program Files\Java\jdk-21\bin\management_ext.dll
0x00007ff8d6cf0000 - 0x00007ff8d6cf8000 	C:\Windows\System32\PSAPI.DLL
0x00007ff8d2330000 - 0x00007ff8d2340000 	C:\Program Files\Java\jdk-21\bin\verify.dll

dbghelp: loaded successfully - version: 4.0.5 - missing functions: none
symbol engine: initialized successfully - sym options: 0x614 - pdb path: .;C:\Program Files\Java\jdk-21\bin;C:\Windows\SYSTEM32;C:\Windows\WinSxS\amd64_microsoft.windows.common-controls_6595b64144ccf1df_6.0.19041.4355_none_60b8b9eb71f62e16;C:\Program Files\Java\jdk-21\bin\server;E:\IntelliJ Idea\IntelliJ IDEA Community Edition 2024.3.1.1\bin

VM Arguments:
jvm_args: -javaagent:E:\IntelliJ Idea\IntelliJ IDEA Community Edition 2024.3.1.1\lib\idea_rt.jar=51052:E:\IntelliJ Idea\IntelliJ IDEA Community Edition 2024.3.1.1\bin -Dfile.encoding=UTF-8 -Dsun.stdout.encoding=UTF-8 -Dsun.stderr.encoding=UTF-8 
java_command: com.pack.JobAppApplication
java_class_path (initial): E:\JobAppProject\JobApp\target\classes;C:\Users\khush\.m2\repository\org\springframework\boot\spring-boot-starter-data-jpa\3.3.7\spring-boot-starter-data-jpa-3.3.7.jar;C:\Users\khush\.m2\repository\org\springframework\boot\spring-boot-starter-aop\3.3.7\spring-boot-starter-aop-3.3.7.jar;C:\Users\khush\.m2\repository\org\springframework\spring-aop\6.1.16\spring-aop-6.1.16.jar;C:\Users\khush\.m2\repository\org\aspectj\aspectjweaver\1.9.22.1\aspectjweaver-1.9.22.1.jar;C:\Users\khush\.m2\repository\org\springframework\boot\spring-boot-starter-jdbc\3.3.7\spring-boot-starter-jdbc-3.3.7.jar;C:\Users\khush\.m2\repository\com\zaxxer\HikariCP\5.1.0\HikariCP-5.1.0.jar;C:\Users\khush\.m2\repository\org\springframework\spring-jdbc\6.1.16\spring-jdbc-6.1.16.jar;C:\Users\khush\.m2\repository\org\hibernate\orm\hibernate-core\6.5.3.Final\hibernate-core-6.5.3.Final.jar;C:\Users\khush\.m2\repository\jakarta\persistence\jakarta.persistence-api\3.1.0\jakarta.persistence-api-3.1.0.jar;C:\Users\khush\.m2\repository\jakarta\transaction\jakarta.transaction-api\2.0.1\jakarta.transaction-api-2.0.1.jar;C:\Users\khush\.m2\repository\org\jboss\logging\jboss-logging\3.5.3.Final\jboss-logging-3.5.3.Final.jar;C:\Users\khush\.m2\repository\org\hibernate\common\hibernate-commons-annotations\6.0.6.Final\hibernate-commons-annotations-6.0.6.Final.jar;C:\Users\khush\.m2\repository\io\smallrye\jandex\3.1.2\jandex-3.1.2.jar;C:\Users\khush\.m2\repository\com\fasterxml\classmate\1.7.0\classmate-1.7.0.jar;C:\Users\khush\.m2\repository\net\bytebuddy\byte-buddy\1.14.19\byte-buddy-1.14.19.jar;C:\Users\khush\.m2\repository\org\glassfish\jaxb\jaxb-runtime\4.0.5\jaxb-runtime-4.0.5.jar;C:\Users\khush\.m2\repository\org\glassfish\jaxb\jaxb-core\4.0.5\jaxb-core-4.0.5.jar;C:\Users\khush\.m2\repository\org\eclipse\angus\angus-activation\2.0.2\angus-activation-2.0.2.jar;C:\Users\khush\.m2\repository\org\glassfish\jaxb\txw2\4.0.5\txw2-4.0.5.jar;C:\Users\khush\.m2\repository\com\sun\istack\istack-commons-runtime\4.1.2\istack-commons-runtime-4.1.2.jar;C:\Users\khush\.m2\repository\jakarta\inject\jakarta.inject-api\2.0.1\jakarta.inject-api-2.0.1.jar;C:\Users\khush\.m2\repository\org\antlr\antlr4-runtime\4.13.0\antlr4-runtime-4.13.0.jar;C:\Users\khush\.m2\repository\org\springframework\data\spring-data-jpa\3.3.7\spring-data-jpa-3.3.7.jar;C:\Users\khush\.m2\repository\org\springframework\data\spring-data-commons\3.3.7\spring-data-commons-3.3.7.jar;C:\Users\khush\.m2\repository\org\springframework\spring-orm\6.1.16\spring-orm-6.1.16.jar;C:\Users\khush\.m2\repository\org\springframework\spring-context\6.1.16\spring-context-6.1.16.jar;C:\Users\khush\.m2\repository\org\springframework\spring-tx\6.1.16\spring-tx-6.1.16.jar;C:\Users\khush\.m2\repository\org\springframework\spring-beans\6.1.16\spring-beans-6.1.16.jar;C:\Users\khush\.m2\repository\jakarta\annotation\jakarta.annotation-api\2.1.1\jakarta.annotation-api-2.1.1.jar;C:\Users\khush\.m2\repository\org\slf4j\slf4j-api\2.0.16\slf4j-api-2.0.16.jar;C:\Users\khush\.m2\repository\org\springframework\spring-aspects\6.1.16\spring-aspects-6.1.16.jar;C:\Users\khush\.m2\repository\com\h2database\h2\2.2.224\h2-2.2.224.jar;C:\Users\khush\.m2\repository\org\springframework\boot\spring-boot-starter-actuator\3.3.7\spring-boot-starter-actuator-3.3.7.jar;C:\Users\khush\.m2\repository\org\springframework\boot\spring-boot-starter\3.3.7\spring-boot-starter-3.3.7.jar;C:\Users\khush\.m2\repository\org\springframework\boot\spring-boot\3.3.7\spring-boot-3.3.7.jar;C:\Users\khush\.m2\repository\org\springframework\boot\spring-boot-autoconfigure\3.3.7\spring-boot-autoconfigure-3.3.7.jar;C:\Users\khush\.m2\repository\org\springframework\boot\spring-boot-starter-logging\3.3.7\spring-boot-starter-logging-3.3.7.jar;C:\Users\khush\.m2\repository\ch\qos\logback\logback-classic\1.5.12\logback-classic-1.5.12.jar;C:\Users\khush\.m2\repository\ch\qos\logback\logback-core\1.5.12\logback-core-1.5.12.jar;C:\Users\khush\.m2\repository\org\apache\logging\log4j\log4j-to-slf4j\2.23.1\log4j-to-slf4j-2.23.1.jar;C:\Users\khush\.m2\repository\org\apache\logging\log4j\log4j-api\2.23.1\log4j-api-2.23.1.jar;C:\Users\khush\.m2\repository\org\slf4j\jul-to-slf4j\2.0.16\jul-to-slf4j-2.0.16.jar;C:\Users\khush\.m2\repository\org\yaml\snakeyaml\2.2\snakeyaml-2.2.jar;C:\Users\khush\.m2\repository\org\springframework\boot\spring-boot-actuator-autoconfigure\3.3.7\spring-boot-actuator-autoconfigure-3.3.7.jar;C:\Users\khush\.m2\repository\org\springframework\boot\spring-boot-actuator\3.3.7\spring-boot-actuator-3.3.7.jar;C:\Users\khush\.m2\repository\com\fasterxml\jackson\core\jackson-databind\2.17.3\jackson-databind-2.17.3.jar;C:\Users\khush\.m2\repository\com\fasterxml\jackson\core\jackson-annotations\2.17.3\jackson-annotations-2.17.3.jar;C:\Users\khush\.m2\repository\com\fasterxml\jackson\core\jackson-core\2.17.3\jackson-core-2.17.3.jar;C:\Users\khush\.m2\repository\com\fasterxml\jackson\datatype\jackson-datatype-jsr310\2.17.3\jackson-datatype-jsr310-2.17.3.jar;C:\Users\khush\.m2\repository\io\micrometer\micrometer-observation\1.13.9\micrometer-observation-1.13.9.jar;C:\Users\khush\.m2\repository\io\micrometer\micrometer-commons\1.13.9\micrometer-commons-1.13.9.jar;C:\Users\khush\.m2\repository\io\micrometer\micrometer-jakarta9\1.13.9\micrometer-jakarta9-1.13.9.jar;C:\Users\khush\.m2\repository\io\micrometer\micrometer-core\1.13.9\micrometer-core-1.13.9.jar;C:\Users\khush\.m2\repository\org\hdrhistogram\HdrHistogram\2.2.2\HdrHistogram-2.2.2.jar;C:\Users\khush\.m2\repository\org\latencyutils\LatencyUtils\2.0.3\LatencyUtils-2.0.3.jar;C:\Users\khush\.m2\repository\org\springframework\boot\spring-boot-starter-web\3.3.7\spring-boot-starter-web-3.3.7.jar;C:\Users\khush\.m2\repository\org\springframework\boot\spring-boot-starter-json\3.3.7\spring-boot-starter-json-3.3.7.jar;C:\Users\khush\.m2\repository\com\fasterxml\jackson\datatype\jackson-datatype-jdk8\2.17.3\jackson-datatype-jdk8-2.17.3.jar;C:\Users\khush\.m2\repository\com\fasterxml\jackson\module\jackson-module-parameter-names\2.17.3\jackson-module-parameter-names-2.17.3.jar;C:\Users\khush\.m2\repository\org\springframework\boot\spring-boot-starter-tomcat\3.3.7\spring-boot-starter-tomcat-3.3.7.jar;C:\Users\khush\.m2\repository\org\apache\tomcat\embed\tomcat-embed-core\10.1.34\tomcat-embed-core-10.1.34.jar;C:\Users\khush\.m2\repository\org\apache\tomcat\embed\tomcat-embed-el\10.1.34\tomcat-embed-el-10.1.34.jar;C:\Users\khush\.m2\repository\org\apache\tomcat\embed\tomcat-embed-websocket\10.1.34\tomcat-embed-websocket-10.1.34.jar;C:\Users\khush\.m2\repository\org\springframework\spring-web\6.1.16\spring-web-6.1.16.jar;C:\Users\khush\.m2\repository\org\springframework\spring-webmvc\6.1.16\spring-webmvc-6.1.16.jar;C:\Users\khush\.m2\repository\org\springframework\spring-expression\6.1.16\spring-expression-6.1.16.jar;C:\Users\khush\.m2\repository\jakarta\xml\bind\jakarta.xml.bind-api\4.0.2\jakarta.xml.bind-api-4.0.2.jar;C:\Users\khush\.m2\repository\jakarta\activation\jakarta.activation-api\2.1.3\jakarta.activation-api-2.1.3.jar;C:\Users\khush\.m2\repository\org\springframework\spring-core\6.1.16\spring-core-6.1.16.jar;C:\Users\khush\.m2\repository\org\springframework\spring-jcl\6.1.16\spring-jcl-6.1.16.jar
Launcher Type: SUN_STANDARD

[Global flags]
     intx CICompilerCount                          = 3                                         {product} {ergonomic}
     uint ConcGCThreads                            = 1                                         {product} {ergonomic}
     uint G1ConcRefinementThreads                  = 4                                         {product} {ergonomic}
   size_t G1HeapRegionSize                         = 1048576                                   {product} {ergonomic}
    uintx GCDrainStackTargetSize                   = 64                                        {product} {ergonomic}
   size_t InitialHeapSize                          = 67108864                                  {product} {ergonomic}
   size_t MarkStackSize                            = 4194304                                   {product} {ergonomic}
   size_t MaxHeapSize                              = 1042284544                                {product} {ergonomic}
   size_t MaxNewSize                               = 624951296                                 {product} {ergonomic}
   size_t MinHeapDeltaBytes                        = 1048576                                   {product} {ergonomic}
   size_t MinHeapSize                              = 8388608                                   {product} {ergonomic}
    uintx NonNMethodCodeHeapSize                   = 5832780                                {pd product} {ergonomic}
    uintx NonProfiledCodeHeapSize                  = 122912730                              {pd product} {ergonomic}
    uintx ProfiledCodeHeapSize                     = 122912730                              {pd product} {ergonomic}
    uintx ReservedCodeCacheSize                    = 251658240                              {pd product} {ergonomic}
     bool SegmentedCodeCache                       = true                                      {product} {ergonomic}
   size_t SoftMaxHeapSize                          = 1042284544                             {manageable} {ergonomic}
     bool UseCompressedOops                        = true                           {product lp64_product} {ergonomic}
     bool UseG1GC                                  = true                                      {product} {ergonomic}
     bool UseLargePagesIndividualAllocation        = false                                  {pd product} {ergonomic}

Logging:
Log output configuration:
 #0: stdout all=warning uptime,level,tags foldmultilines=false
 #1: stderr all=off uptime,level,tags foldmultilines=false

Environment Variables:
PATH=C:\Program Files\Common Files\Oracle\Java\javapath;C:\Windows\system32;C:\Windows;C:\Windows\System32\Wbem;C:\Windows\System32\WindowsPowerShell\v1.0\;C:\Windows\System32\OpenSSH\;C:\Program Files\Java\jdk-17\bin;C:\Program Files\MySQL\MySQL Server 5.5\bin;C:\Program Files\nodejs\;C:\Program Files\Git\cmd;C:\Users\khush\AppData\Local\Programs\Git\bin;;C:\Program Files\Docker\Docker\resources\bin;C:\Users\khush\AppData\Local\Microsoft\WindowsApps;C:\Users\khush\AppData\Local\Programs\Microsoft VS Code\bin;C:\Users\khush\AppData\Local\Programs\Git\cmd;C:\Users\khush\AppData\Local\Programs\Git\mingw64\bin;C:\Users\khush\AppData\Local\Programs\Git\usr\bin
USERNAME=khush
OS=Windows_NT
PROCESSOR_IDENTIFIER=Intel64 Family 6 Model 142 Stepping 9, GenuineIntel
TMP=C:\Users\khush\AppData\Local\Temp
TEMP=C:\Users\khush\AppData\Local\Temp




Periodic native trim disabled

---------------  S Y S T E M  ---------------

OS:
 Windows 10 , 64 bit Build 19041 (10.0.19041.5198)
OS uptime: 0 days 0:24 hours
Hyper-V role detected

CPU: total 4 (initial active 4) (2 cores per cpu, 2 threads per core) family 6 model 142 stepping 9 microcode 0xd6, cx8, cmov, fxsr, ht, mmx, 3dnowpref, sse, sse2, sse3, ssse3, sse4.1, sse4.2, popcnt, lzcnt, tsc, tscinvbit, avx, avx2, aes, erms, clmul, bmi1, bmi2, adx, fma, vzeroupper, clflush, clflushopt, hv, rdtscp, f16c
Processor Information for all 4 processors :
  Max Mhz: 2300, Current Mhz: 2300, Mhz Limit: 2300

Memory: 4k page, system-wide physical 3972M (295M free)
TotalPageFile size 9096M (AvailPageFile size 6M)
current process WorkingSet (physical memory assigned to process): 215M, peak: 220M
current process commit charge ("private bytes"): 274M, peak: 276M

vm_info: Java HotSpot(TM) 64-Bit Server VM (21.0.4+8-LTS-274) for windows-amd64 JRE (21.0.4+8-LTS-274), built on 2024-06-05T05:23:33Z by "mach5one" with MS VC++ 17.6 (VS2022)

END.
