#
# There is insufficient memory for the Java Runtime Environment to continue.
# Native memory allocation (mmap) failed to map 67108864 bytes for G1 virtual space
# Possible reasons:
#   The system is out of physical RAM or swap space
#   The process is running with CompressedOops enabled, and the Java Heap may be blocking the growth of the native heap
# Possible solutions:
#   Reduce memory load on the system
#   Increase physical memory or swap space
#   Check if swap backing store is full
#   Decrease Java heap size (-Xmx/-Xms)
#   Decrease number of Java threads
#   Decrease Java thread stack sizes (-Xss)
#   Set larger code cache with -XX:ReservedCodeCacheSize=
#   JVM is running with Unscaled Compressed Oops mode in which the Java heap is
#     placed in the first 4GB address space. The Java Heap base address is the
#     maximum limit for the native heap growth. Please use -XX:HeapBaseMinAddress
#     to set the Java Heap base and to place the Java Heap above 4GB virtual address.
# This output file may be truncated or incomplete.
#
#  Out of Memory Error (os_windows.cpp:3600), pid=3788, tid=7384
#
# JRE version:  (21.0.4+8) (build )
# Java VM: Java HotSpot(TM) 64-Bit Server VM (21.0.4+8-LTS-274, mixed mode, sharing, tiered, compressed oops, compressed class ptrs, g1 gc, windows-amd64)
# No core dump will be written. Minidumps are not enabled by default on client versions of Windows
#

---------------  S U M M A R Y ------------

Command Line: -Dnet.bytebuddy.agent.attacher.dump= net.bytebuddy.agent.Attacher com.sun.tools.attach.VirtualMachine 9288 C:\Users\khush\.m2\repository\net\bytebuddy\byte-buddy-agent\1.14.19\byte-buddy-agent-1.14.19.jar false 

Host: Intel(R) Core(TM) i3-7020U CPU @ 2.30GHz, 4 cores, 3G,  Windows 10 , 64 bit Build 19041 (10.0.19041.5198)
Time: Sat Jan 25 17:52:21 2025 India Standard Time elapsed time: 0.021654 seconds (0d 0h 0m 0s)

---------------  T H R E A D  ---------------

Current thread (0x000001f6481bb140):  JavaThread "Unknown thread" [_thread_in_vm, id=7384, stack(0x000000ee26c00000,0x000000ee26d00000) (1024K)]

Stack: [0x000000ee26c00000,0x000000ee26d00000]
Native frames: (J=compiled Java code, j=interpreted, Vv=VM code, C=native code)
V  [jvm.dll+0x6c8e59]
V  [jvm.dll+0x853181]
V  [jvm.dll+0x8556ae]
V  [jvm.dll+0x855d83]
V  [jvm.dll+0x27d526]
V  [jvm.dll+0x6c55f5]
V  [jvm.dll+0x6ba17a]
V  [jvm.dll+0x352a8a]
V  [jvm.dll+0x35a6e6]
V  [jvm.dll+0x3acdae]
V  [jvm.dll+0x3ad058]
V  [jvm.dll+0x326dec]
V  [jvm.dll+0x32794b]
V  [jvm.dll+0x81c569]
V  [jvm.dll+0x3b9a11]
V  [jvm.dll+0x805948]
V  [jvm.dll+0x44ec5e]
V  [jvm.dll+0x450851]
C  [jli.dll+0x52a3]
C  [ucrtbase.dll+0x21bb2]
C  [KERNEL32.DLL+0x17374]
C  [ntdll.dll+0x4cc91]


---------------  P R O C E S S  ---------------

Threads class SMR info:
_java_thread_list=0x00007ff86dcd6c08, length=0, elements={
}

Java Threads: ( => current thread )
Total: 0

Other Threads:
  0x000001f64a360350 WorkerThread "GC Thread#0"                     [id=4260, stack(0x000000ee26d00000,0x000000ee26e00000) (1024K)]
  0x000001f64a36b140 ConcurrentGCThread "G1 Main Marker"            [id=10036, stack(0x000000ee26e00000,0x000000ee26f00000) (1024K)]
  0x000001f64a36c3e0 WorkerThread "G1 Conc#0"                       [id=3756, stack(0x000000ee26f00000,0x000000ee27000000) (1024K)]

[error occurred during error reporting (printing all threads), id 0xc0000005, EXCEPTION_ACCESS_VIOLATION (0xc0000005) at pc=0x00007ff86d449577]
VM state: not at safepoint (not fully initialized)

VM Mutex/Monitor currently owned by a thread:  ([mutex/lock_event])
[0x00007ff86dd47f98] Heap_lock - owner thread: 0x000001f6481bb140

Heap address: 0x00000000c1e00000, size: 994 MB, Compressed Oops mode: 32-bit

CDS archive(s) mapped at: [0x0000000000000000-0x0000000000000000-0x0000000000000000), size 0, SharedBaseAddress: 0x0000000800000000, ArchiveRelocationMode: 1.
Narrow klass base: 0x0000000000000000, Narrow klass shift: 0, Narrow klass range: 0x0

GC Precious Log:
 CardTable entry size: 512
 Card Set container configuration: InlinePtr #cards 5 size 8 Array Of Cards #cards 12 size 40 Howl #buckets 4 coarsen threshold 1843 Howl Bitmap #cards 512 size 80 coarsen threshold 460 Card regions per heap region 1 cards per card region 2048

Heap:
 garbage-first heap   total 0K, used 0K [0x00000000c1e00000, 0x0000000100000000)
  region size 1024K, 0 young (0K), 0 survivors (0K)

[error occurred during error reporting (printing heap information), id 0xc0000005, EXCEPTION_ACCESS_VIOLATION (0xc0000005) at pc=0x00007ff86d831df9]
GC Heap History (0 events):
No events

Dll operation events (1 events):
Event: 0.015 Loaded shared library C:\Program Files\Java\jdk-21\bin\java.dll

Deoptimization events (0 events):
No events

Classes loaded (0 events):
No events

Classes unloaded (0 events):
No events

Classes redefined (0 events):
No events

Internal exceptions (0 events):
No events

ZGC Phase Switch (0 events):
No events

VM Operations (0 events):
No events

Events (0 events):
No events


Dynamic libraries:
0x00007ff644930000 - 0x00007ff644940000 	C:\Program Files\Java\jdk-21\bin\java.exe
0x00007ff8d8b10000 - 0x00007ff8d8d08000 	C:\Windows\SYSTEM32\ntdll.dll
0x00007ff8d8920000 - 0x00007ff8d89e2000 	C:\Windows\System32\KERNEL32.DLL
0x00007ff8d6260000 - 0x00007ff8d655f000 	C:\Windows\System32\KERNELBASE.dll
0x00007ff8d65d0000 - 0x00007ff8d66d0000 	C:\Windows\System32\ucrtbase.dll
0x00007ff8d2830000 - 0x00007ff8d284b000 	C:\Program Files\Java\jdk-21\bin\VCRUNTIME140.dll
0x00007ff8d2850000 - 0x00007ff8d2869000 	C:\Program Files\Java\jdk-21\bin\jli.dll
0x00007ff8d89f0000 - 0x00007ff8d8aa1000 	C:\Windows\System32\ADVAPI32.dll
0x00007ff8d7b70000 - 0x00007ff8d7c0e000 	C:\Windows\System32\msvcrt.dll
0x00007ff8d7c10000 - 0x00007ff8d7caf000 	C:\Windows\System32\sechost.dll
0x00007ff8d6d60000 - 0x00007ff8d6e83000 	C:\Windows\System32\RPCRT4.dll
0x00007ff8d67c0000 - 0x00007ff8d67e7000 	C:\Windows\System32\bcrypt.dll
0x00007ff8d6fb0000 - 0x00007ff8d714d000 	C:\Windows\System32\USER32.dll
0x00007ff8d61a0000 - 0x00007ff8d61c2000 	C:\Windows\System32\win32u.dll
0x00007ff8bfcb0000 - 0x00007ff8bff4a000 	C:\Windows\WinSxS\amd64_microsoft.windows.common-controls_6595b64144ccf1df_6.0.19041.4355_none_60b8b9eb71f62e16\COMCTL32.dll
0x00007ff8d76b0000 - 0x00007ff8d76db000 	C:\Windows\System32\GDI32.dll
0x00007ff8d68a0000 - 0x00007ff8d69b7000 	C:\Windows\System32\gdi32full.dll
0x00007ff8d6720000 - 0x00007ff8d67bd000 	C:\Windows\System32\msvcp_win.dll
0x00007ff8cdfa0000 - 0x00007ff8cdfaa000 	C:\Windows\SYSTEM32\VERSION.dll
0x00007ff8d8800000 - 0x00007ff8d882f000 	C:\Windows\System32\IMM32.DLL
0x00007ff8d2c00000 - 0x00007ff8d2c0c000 	C:\Program Files\Java\jdk-21\bin\vcruntime140_1.dll
0x00007ff89ded0000 - 0x00007ff89df5e000 	C:\Program Files\Java\jdk-21\bin\msvcp140.dll
0x00007ff86d110000 - 0x00007ff86de23000 	C:\Program Files\Java\jdk-21\bin\server\jvm.dll
0x00007ff8d7640000 - 0x00007ff8d76ab000 	C:\Windows\System32\WS2_32.dll
0x00007ff8d56f0000 - 0x00007ff8d573b000 	C:\Windows\SYSTEM32\POWRPROF.dll
0x00007ff8bd060000 - 0x00007ff8bd087000 	C:\Windows\SYSTEM32\WINMM.dll
0x00007ff8d5560000 - 0x00007ff8d5572000 	C:\Windows\SYSTEM32\UMPDC.dll
0x00007ff8d41c0000 - 0x00007ff8d41d2000 	C:\Windows\SYSTEM32\kernel.appcore.dll
0x00007ff8d2820000 - 0x00007ff8d282a000 	C:\Program Files\Java\jdk-21\bin\jimage.dll
0x00007ff8d3d30000 - 0x00007ff8d3f14000 	C:\Windows\SYSTEM32\DBGHELP.DLL
0x00007ff8c0250000 - 0x00007ff8c0284000 	C:\Windows\SYSTEM32\dbgcore.DLL
0x00007ff8d61d0000 - 0x00007ff8d6252000 	C:\Windows\System32\bcryptPrimitives.dll
0x00007ff8d27f0000 - 0x00007ff8d280f000 	C:\Program Files\Java\jdk-21\bin\java.dll

dbghelp: loaded successfully - version: 4.0.5 - missing functions: none
symbol engine: initialized successfully - sym options: 0x614 - pdb path: .;C:\Program Files\Java\jdk-21\bin;C:\Windows\SYSTEM32;C:\Windows\WinSxS\amd64_microsoft.windows.common-controls_6595b64144ccf1df_6.0.19041.4355_none_60b8b9eb71f62e16;C:\Program Files\Java\jdk-21\bin\server

VM Arguments:
jvm_args: -Dnet.bytebuddy.agent.attacher.dump= 
java_command: net.bytebuddy.agent.Attacher com.sun.tools.attach.VirtualMachine 9288 C:\Users\khush\.m2\repository\net\bytebuddy\byte-buddy-agent\1.14.19\byte-buddy-agent-1.14.19.jar false 
java_class_path (initial): C:\Users\khush\.m2\repository\net\bytebuddy\byte-buddy-agent\1.14.19\byte-buddy-agent-1.14.19.jar
Launcher Type: SUN_STANDARD

[Global flags]
     intx CICompilerCount                          = 3                                         {product} {ergonomic}
     uint ConcGCThreads                            = 1                                         {product} {ergonomic}
     uint G1ConcRefinementThreads                  = 4                                         {product} {ergonomic}
   size_t G1HeapRegionSize                         = 1048576                                   {product} {ergonomic}
    uintx GCDrainStackTargetSize                   = 64                                        {product} {ergonomic}
   size_t InitialHeapSize                          = 67108864                                  {product} {ergonomic}
   size_t MarkStackSize                            = 4194304                                   {product} {ergonomic}
   size_t MaxHeapSize                              = 1042284544                                {product} {ergonomic}
   size_t MinHeapDeltaBytes                        = 1048576                                   {product} {ergonomic}
   size_t MinHeapSize                              = 8388608                                   {product} {ergonomic}
    uintx NonNMethodCodeHeapSize                   = 5832780                                {pd product} {ergonomic}
    uintx NonProfiledCodeHeapSize                  = 122912730                              {pd product} {ergonomic}
    uintx ProfiledCodeHeapSize                     = 122912730                              {pd product} {ergonomic}
    uintx ReservedCodeCacheSize                    = 251658240                              {pd product} {ergonomic}
     bool SegmentedCodeCache                       = true                                      {product} {ergonomic}
   size_t SoftMaxHeapSize                          = 1042284544                             {manageable} {ergonomic}
     bool UseCompressedOops                        = true                           {product lp64_product} {ergonomic}
     bool UseG1GC                                  = true                                      {product} {ergonomic}
     bool UseLargePagesIndividualAllocation        = false                                  {pd product} {ergonomic}

Logging:
Log output configuration:
 #0: stdout all=warning uptime,level,tags foldmultilines=false
 #1: stderr all=off uptime,level,tags foldmultilines=false

Environment Variables:
PATH=C:\Program Files\Common Files\Oracle\Java\javapath;C:\Windows\system32;C:\Windows;C:\Windows\System32\Wbem;C:\Windows\System32\WindowsPowerShell\v1.0\;C:\Windows\System32\OpenSSH\;C:\Program Files\Java\jdk-17\bin;C:\Program Files\MySQL\MySQL Server 5.5\bin;C:\Program Files\nodejs\;C:\Program Files\Git\cmd;C:\Users\khush\AppData\Local\Programs\Git\bin;;C:\Program Files\Docker\Docker\resources\bin;C:\Users\khush\AppData\Local\Microsoft\WindowsApps;C:\Users\khush\AppData\Local\Programs\Microsoft VS Code\bin;C:\Users\khush\AppData\Local\Programs\Git\cmd;C:\Users\khush\AppData\Local\Programs\Git\mingw64\bin;C:\Users\khush\AppData\Local\Programs\Git\usr\bin
USERNAME=khush
OS=Windows_NT
PROCESSOR_IDENTIFIER=Intel64 Family 6 Model 142 Stepping 9, GenuineIntel
TMP=C:\Users\khush\AppData\Local\Temp
TEMP=C:\Users\khush\AppData\Local\Temp




Periodic native trim disabled

---------------  S Y S T E M  ---------------

OS:
 Windows 10 , 64 bit Build 19041 (10.0.19041.5198)
OS uptime: 0 days 0:39 hours
Hyper-V role detected

CPU: total 4 (initial active 4) (2 cores per cpu, 2 threads per core) family 6 model 142 stepping 9 microcode 0xd6, cx8, cmov, fxsr, ht, mmx, 3dnowpref, sse, sse2, sse3, ssse3, sse4.1, sse4.2, popcnt, lzcnt, tsc, tscinvbit, avx, avx2, aes, erms, clmul, bmi1, bmi2, adx, fma, vzeroupper, clflush, clflushopt, hv, rdtscp, f16c
Processor Information for processor 0
  Max Mhz: 2300, Current Mhz: 1500, Mhz Limit: 2300
Processor Information for processor 1
  Max Mhz: 2300, Current Mhz: 2300, Mhz Limit: 2300
Processor Information for processor 2
  Max Mhz: 2300, Current Mhz: 2300, Mhz Limit: 2300
Processor Information for processor 3
  Max Mhz: 2300, Current Mhz: 1500, Mhz Limit: 2300

Memory: 4k page, system-wide physical 3972M (188M free)
TotalPageFile size 9096M (AvailPageFile size 32M)
current process WorkingSet (physical memory assigned to process): 10M, peak: 10M
current process commit charge ("private bytes"): 51M, peak: 115M

vm_info: Java HotSpot(TM) 64-Bit Server VM (21.0.4+8-LTS-274) for windows-amd64 JRE (21.0.4+8-LTS-274), built on 2024-06-05T05:23:33Z by "mach5one" with MS VC++ 17.6 (VS2022)

END.
